[2m2022-11-23 09:37:39.208[0;39m [32m INFO[0;39m [35m14132[0;39m [2m---[0;39m [2m[  restartedMain][0;39m [36m.e.DevToolsPropertyDefaultsPostProcessor[0;39m [2m:[0;39m Devtools property defaults active! Set 'spring.devtools.add-properties' to 'false' to disable
[2m2022-11-23 09:37:39.209[0;39m [32m INFO[0;39m [35m14132[0;39m [2m---[0;39m [2m[  restartedMain][0;39m [36m.e.DevToolsPropertyDefaultsPostProcessor[0;39m [2m:[0;39m For additional web related logging consider setting the 'logging.level.web' property to 'DEBUG'
[2m2022-11-23 09:37:39.913[0;39m [32m INFO[0;39m [35m14132[0;39m [2m---[0;39m [2m[  restartedMain][0;39m [36mo.s.b.w.embedded.tomcat.TomcatWebServer [0;39m [2m:[0;39m Tomcat initialized with port(s): 9999 (http)
[2m2022-11-23 09:37:39.958[0;39m [32m INFO[0;39m [35m14132[0;39m [2m---[0;39m [2m[  restartedMain][0;39m [36mw.s.c.ServletWebServerApplicationContext[0;39m [2m:[0;39m Root WebApplicationContext: initialization completed in 748 ms
[2m2022-11-23 09:37:40.387[0;39m [32m INFO[0;39m [35m14132[0;39m [2m---[0;39m [2m[  restartedMain][0;39m [36mo.s.b.d.a.OptionalLiveReloadServer      [0;39m [2m:[0;39m LiveReload server is running on port 35729
[2m2022-11-23 09:37:40.497[0;39m [32m INFO[0;39m [35m14132[0;39m [2m---[0;39m [2m[  restartedMain][0;39m [36mo.s.b.w.embedded.tomcat.TomcatWebServer [0;39m [2m:[0;39m Tomcat started on port(s): 9999 (http) with context path '/vue'
[2m2022-11-23 09:38:14.882[0;39m [32m INFO[0;39m [35m14132[0;39m [2m---[0;39m [2m[nio-9999-exec-1][0;39m [36mo.s.web.servlet.DispatcherServlet       [0;39m [2m:[0;39m Initializing Servlet 'dispatcherServlet'
[2m2022-11-23 09:38:14.883[0;39m [32m INFO[0;39m [35m14132[0;39m [2m---[0;39m [2m[nio-9999-exec-1][0;39m [36mo.s.web.servlet.DispatcherServlet       [0;39m [2m:[0;39m Completed initialization in 1 ms
[2m2022-11-23 09:38:41.395[0;39m [32m INFO[0;39m [35m14132[0;39m [2m---[0;39m [2m[   File Watcher][0;39m [36mrtingClassPathChangeChangedEventListener[0;39m [2m:[0;39m Restarting due to 1 class path change (0 additions, 0 deletions, 1 modification)
[2m2022-11-23 09:38:41.752[0;39m [32m INFO[0;39m [35m14132[0;39m [2m---[0;39m [2m[  restartedMain][0;39m [36mo.s.b.w.embedded.tomcat.TomcatWebServer [0;39m [2m:[0;39m Tomcat initialized with port(s): 9999 (http)
[2m2022-11-23 09:38:41.761[0;39m [32m INFO[0;39m [35m14132[0;39m [2m---[0;39m [2m[  restartedMain][0;39m [36mw.s.c.ServletWebServerApplicationContext[0;39m [2m:[0;39m Root WebApplicationContext: initialization completed in 222 ms
[2m2022-11-23 09:38:41.855[0;39m [32m INFO[0;39m [35m14132[0;39m [2m---[0;39m [2m[  restartedMain][0;39m [36mo.s.b.d.a.OptionalLiveReloadServer      [0;39m [2m:[0;39m LiveReload server is running on port 35729
[2m2022-11-23 09:38:41.887[0;39m [32m INFO[0;39m [35m14132[0;39m [2m---[0;39m [2m[  restartedMain][0;39m [36mo.s.b.w.embedded.tomcat.TomcatWebServer [0;39m [2m:[0;39m Tomcat started on port(s): 9999 (http) with context path '/vue'
[2m2022-11-23 09:38:41.926[0;39m [32m INFO[0;39m [35m14132[0;39m [2m---[0;39m [2m[  restartedMain][0;39m [36m.ConditionEvaluationDeltaLoggingListener[0;39m [2m:[0;39m Condition evaluation unchanged
[2m2022-11-23 11:33:26.522[0;39m [32m INFO[0;39m [35m14132[0;39m [2m---[0;39m [2m[nio-9999-exec-1][0;39m [36mo.s.web.servlet.DispatcherServlet       [0;39m [2m:[0;39m Initializing Servlet 'dispatcherServlet'
[2m2022-11-23 11:33:26.523[0;39m [32m INFO[0;39m [35m14132[0;39m [2m---[0;39m [2m[nio-9999-exec-1][0;39m [36mo.s.web.servlet.DispatcherServlet       [0;39m [2m:[0;39m Completed initialization in 1 ms
[2m2022-11-23 11:34:42.837[0;39m [32m INFO[0;39m [35m14132[0;39m [2m---[0;39m [2m[nio-9999-exec-4][0;39m [36mc.s.vue.controller.HouseMapController   [0;39m [2m:[0;39m sido - 호출
[2m2022-11-23 11:34:44.139[0;39m [32m INFO[0;39m [35m14132[0;39m [2m---[0;39m [2m[nio-9999-exec-5][0;39m [36mc.s.vue.controller.HouseMapController   [0;39m [2m:[0;39m gugun - 호출
[2m2022-11-23 11:34:45.633[0;39m [32m INFO[0;39m [35m14132[0;39m [2m---[0;39m [2m[nio-9999-exec-6][0;39m [36mc.s.vue.controller.HousedealController  [0;39m [2m:[0;39m !!!!!select() 실행 , Param : 11110, 2019, 01
[2m2022-11-23 11:34:45.711[0;39m [32m INFO[0;39m [35m14132[0;39m [2m---[0;39m [2m[nio-9999-exec-6][0;39m [36mc.s.vue.controller.HousedealController  [0;39m [2m:[0;39m list 크기 : 18
[2m2022-11-23 11:34:48.902[0;39m [32mDEBUG[0;39m [35m14132[0;39m [2m---[0;39m [2m[nio-9999-exec-7][0;39m [36mc.s.vue.controller.HouseMapController   [0;39m [2m:[0;39m aptIMAGE 호출, 경희궁의아침4단지
[2m2022-11-23 11:34:48.902[0;39m [32mDEBUG[0;39m [35m14132[0;39m [2m---[0;39m [2m[nio-9999-exec-7][0;39m [36mc.s.vue.controller.HouseMapController   [0;39m [2m:[0;39m aptIMAGE 호출 응답, https://img.freepik.com/free-photo/beautiful-landscape-and-cityscape-of-seoul-city_74190-3198.jpg?w=1060&t=st=1668991073~exp=1668991673~hmac=90836c10c4926b261096d9f282cce7b076d11b8bf202b48deb10925c36358848
[2m2022-11-23 11:34:57.910[0;39m [32mDEBUG[0;39m [35m14132[0;39m [2m---[0;39m [2m[nio-9999-exec-9][0;39m [36mc.s.vue.controller.HouseMapController   [0;39m [2m:[0;39m aptIMAGE 호출, 대성스카이렉스
[2m2022-11-23 11:34:57.910[0;39m [32mDEBUG[0;39m [35m14132[0;39m [2m---[0;39m [2m[nio-9999-exec-9][0;39m [36mc.s.vue.controller.HouseMapController   [0;39m [2m:[0;39m aptIMAGE 호출 응답, https://img.freepik.com/free-photo/beautiful-landscape-and-cityscape-of-seoul-city_74190-3198.jpg?w=1060&t=st=1668991073~exp=1668991673~hmac=90836c10c4926b261096d9f282cce7b076d11b8bf202b48deb10925c36358848
[2m2022-11-23 11:35:01.709[0;39m [32mDEBUG[0;39m [35m14132[0;39m [2m---[0;39m [2m[nio-9999-exec-8][0;39m [36mc.s.vue.controller.HouseMapController   [0;39m [2m:[0;39m aptIMAGE 호출, 경희궁의아침4단지
[2m2022-11-23 11:35:01.709[0;39m [32mDEBUG[0;39m [35m14132[0;39m [2m---[0;39m [2m[nio-9999-exec-8][0;39m [36mc.s.vue.controller.HouseMapController   [0;39m [2m:[0;39m aptIMAGE 호출 응답, https://img.freepik.com/free-photo/beautiful-landscape-and-cityscape-of-seoul-city_74190-3198.jpg?w=1060&t=st=1668991073~exp=1668991673~hmac=90836c10c4926b261096d9f282cce7b076d11b8bf202b48deb10925c36358848
[2m2022-11-23 11:35:02.309[0;39m [32mDEBUG[0;39m [35m14132[0;39m [2m---[0;39m [2m[io-9999-exec-10][0;39m [36mc.s.vue.controller.HouseMapController   [0;39m [2m:[0;39m aptIMAGE 호출, 대성스카이렉스
[2m2022-11-23 11:35:02.309[0;39m [32mDEBUG[0;39m [35m14132[0;39m [2m---[0;39m [2m[io-9999-exec-10][0;39m [36mc.s.vue.controller.HouseMapController   [0;39m [2m:[0;39m aptIMAGE 호출 응답, https://img.freepik.com/free-photo/beautiful-landscape-and-cityscape-of-seoul-city_74190-3198.jpg?w=1060&t=st=1668991073~exp=1668991673~hmac=90836c10c4926b261096d9f282cce7b076d11b8bf202b48deb10925c36358848
[2m2022-11-23 11:35:02.805[0;39m [32mDEBUG[0;39m [35m14132[0;39m [2m---[0;39m [2m[nio-9999-exec-1][0;39m [36mc.s.vue.controller.HouseMapController   [0;39m [2m:[0;39m aptIMAGE 호출, 송림아마레스아파트
[2m2022-11-23 11:35:02.805[0;39m [32mDEBUG[0;39m [35m14132[0;39m [2m---[0;39m [2m[nio-9999-exec-1][0;39m [36mc.s.vue.controller.HouseMapController   [0;39m [2m:[0;39m aptIMAGE 호출 응답, https://img.freepik.com/free-photo/beautiful-landscape-and-cityscape-of-seoul-city_74190-3198.jpg?w=1060&t=st=1668991073~exp=1668991673~hmac=90836c10c4926b261096d9f282cce7b076d11b8bf202b48deb10925c36358848
[2m2022-11-23 11:35:03.404[0;39m [32mDEBUG[0;39m [35m14132[0;39m [2m---[0;39m [2m[nio-9999-exec-3][0;39m [36mc.s.vue.controller.HouseMapController   [0;39m [2m:[0;39m aptIMAGE 호출, 아남1
[2m2022-11-23 11:35:03.405[0;39m [32mDEBUG[0;39m [35m14132[0;39m [2m---[0;39m [2m[nio-9999-exec-3][0;39m [36mc.s.vue.controller.HouseMapController   [0;39m [2m:[0;39m aptIMAGE 호출 응답, https://img.freepik.com/free-photo/beautiful-landscape-and-cityscape-of-seoul-city_74190-3198.jpg?w=1060&t=st=1668991073~exp=1668991673~hmac=90836c10c4926b261096d9f282cce7b076d11b8bf202b48deb10925c36358848
[2m2022-11-23 11:35:03.757[0;39m [32mDEBUG[0;39m [35m14132[0;39m [2m---[0;39m [2m[nio-9999-exec-2][0;39m [36mc.s.vue.controller.HouseMapController   [0;39m [2m:[0;39m aptIMAGE 호출, 송림아마레스아파트
[2m2022-11-23 11:35:03.757[0;39m [32mDEBUG[0;39m [35m14132[0;39m [2m---[0;39m [2m[nio-9999-exec-2][0;39m [36mc.s.vue.controller.HouseMapController   [0;39m [2m:[0;39m aptIMAGE 호출 응답, https://img.freepik.com/free-photo/beautiful-landscape-and-cityscape-of-seoul-city_74190-3198.jpg?w=1060&t=st=1668991073~exp=1668991673~hmac=90836c10c4926b261096d9f282cce7b076d11b8bf202b48deb10925c36358848
[2m2022-11-23 11:35:04.925[0;39m [32mDEBUG[0;39m [35m14132[0;39m [2m---[0;39m [2m[nio-9999-exec-4][0;39m [36mc.s.vue.controller.HouseMapController   [0;39m [2m:[0;39m aptIMAGE 호출, 대성스카이렉스
[2m2022-11-23 11:35:04.925[0;39m [32mDEBUG[0;39m [35m14132[0;39m [2m---[0;39m [2m[nio-9999-exec-4][0;39m [36mc.s.vue.controller.HouseMapController   [0;39m [2m:[0;39m aptIMAGE 호출 응답, https://img.freepik.com/free-photo/beautiful-landscape-and-cityscape-of-seoul-city_74190-3198.jpg?w=1060&t=st=1668991073~exp=1668991673~hmac=90836c10c4926b261096d9f282cce7b076d11b8bf202b48deb10925c36358848
[2m2022-11-23 11:35:10.125[0;39m [32mDEBUG[0;39m [35m14132[0;39m [2m---[0;39m [2m[nio-9999-exec-5][0;39m [36mc.s.vue.controller.HouseMapController   [0;39m [2m:[0;39m aptIMAGE 호출, 경희궁의아침4단지
[2m2022-11-23 11:35:10.125[0;39m [32mDEBUG[0;39m [35m14132[0;39m [2m---[0;39m [2m[nio-9999-exec-5][0;39m [36mc.s.vue.controller.HouseMapController   [0;39m [2m:[0;39m aptIMAGE 호출 응답, https://img.freepik.com/free-photo/beautiful-landscape-and-cityscape-of-seoul-city_74190-3198.jpg?w=1060&t=st=1668991073~exp=1668991673~hmac=90836c10c4926b261096d9f282cce7b076d11b8bf202b48deb10925c36358848
[2m2022-11-23 11:35:10.676[0;39m [32mDEBUG[0;39m [35m14132[0;39m [2m---[0;39m [2m[nio-9999-exec-6][0;39m [36mc.s.vue.controller.HouseMapController   [0;39m [2m:[0;39m aptIMAGE 호출, 대성스카이렉스
[2m2022-11-23 11:35:10.676[0;39m [32mDEBUG[0;39m [35m14132[0;39m [2m---[0;39m [2m[nio-9999-exec-6][0;39m [36mc.s.vue.controller.HouseMapController   [0;39m [2m:[0;39m aptIMAGE 호출 응답, https://img.freepik.com/free-photo/beautiful-landscape-and-cityscape-of-seoul-city_74190-3198.jpg?w=1060&t=st=1668991073~exp=1668991673~hmac=90836c10c4926b261096d9f282cce7b076d11b8bf202b48deb10925c36358848
[2m2022-11-23 11:35:12.485[0;39m [32mDEBUG[0;39m [35m14132[0;39m [2m---[0;39m [2m[nio-9999-exec-7][0;39m [36mc.s.vue.controller.HouseMapController   [0;39m [2m:[0;39m aptIMAGE 호출, 포레스트힐시티
[2m2022-11-23 11:35:12.485[0;39m [32mDEBUG[0;39m [35m14132[0;39m [2m---[0;39m [2m[nio-9999-exec-7][0;39m [36mc.s.vue.controller.HouseMapController   [0;39m [2m:[0;39m aptIMAGE 호출 응답, https://img.freepik.com/free-photo/beautiful-landscape-and-cityscape-of-seoul-city_74190-3198.jpg?w=1060&t=st=1668991073~exp=1668991673~hmac=90836c10c4926b261096d9f282cce7b076d11b8bf202b48deb10925c36358848
[2m2022-11-23 14:03:47.064[0;39m [32m INFO[0;39m [35m14132[0;39m [2m---[0;39m [2m[nio-9999-exec-8][0;39m [36mc.s.vue.controller.HouseMapController   [0;39m [2m:[0;39m sido - 호출
[2m2022-11-23 14:03:49.267[0;39m [32m INFO[0;39m [35m14132[0;39m [2m---[0;39m [2m[io-9999-exec-10][0;39m [36mc.s.vue.controller.HouseMapController   [0;39m [2m:[0;39m gugun - 호출
[2m2022-11-23 14:03:49.973[0;39m [32m INFO[0;39m [35m14132[0;39m [2m---[0;39m [2m[nio-9999-exec-1][0;39m [36mc.s.vue.controller.HousedealController  [0;39m [2m:[0;39m !!!!!select() 실행 , Param : 26140, 2019, 01
[2m2022-11-23 14:03:49.997[0;39m [32m INFO[0;39m [35m14132[0;39m [2m---[0;39m [2m[nio-9999-exec-1][0;39m [36mc.s.vue.controller.HousedealController  [0;39m [2m:[0;39m list 크기 : 0
[2m2022-11-23 14:03:51.981[0;39m [32m INFO[0;39m [35m14132[0;39m [2m---[0;39m [2m[nio-9999-exec-3][0;39m [36mc.s.vue.controller.HouseMapController   [0;39m [2m:[0;39m gugun - 호출
[2m2022-11-23 14:03:52.743[0;39m [32m INFO[0;39m [35m14132[0;39m [2m---[0;39m [2m[nio-9999-exec-2][0;39m [36mc.s.vue.controller.HousedealController  [0;39m [2m:[0;39m !!!!!select() 실행 , Param : 11110, 2019, 01
[2m2022-11-23 14:03:52.767[0;39m [32m INFO[0;39m [35m14132[0;39m [2m---[0;39m [2m[nio-9999-exec-2][0;39m [36mc.s.vue.controller.HousedealController  [0;39m [2m:[0;39m list 크기 : 18
[2m2022-11-23 14:03:53.960[0;39m [32mDEBUG[0;39m [35m14132[0;39m [2m---[0;39m [2m[nio-9999-exec-4][0;39m [36mc.s.vue.controller.HouseMapController   [0;39m [2m:[0;39m aptIMAGE 호출, 광화문풍림스페이스본(101동~105동)
[2m2022-11-23 14:03:53.960[0;39m [32mDEBUG[0;39m [35m14132[0;39m [2m---[0;39m [2m[nio-9999-exec-4][0;39m [36mc.s.vue.controller.HouseMapController   [0;39m [2m:[0;39m aptIMAGE 호출 응답, https://img.freepik.com/free-photo/beautiful-landscape-and-cityscape-of-seoul-city_74190-3198.jpg?w=1060&t=st=1668991073~exp=1668991673~hmac=90836c10c4926b261096d9f282cce7b076d11b8bf202b48deb10925c36358848
[2m2022-11-23 14:07:42.566[0;39m [32m INFO[0;39m [35m14132[0;39m [2m---[0;39m [2m[nio-9999-exec-6][0;39m [36mc.s.vue.controller.HouseMapController   [0;39m [2m:[0;39m sido - 호출
[2m2022-11-23 14:07:43.655[0;39m [32m INFO[0;39m [35m14132[0;39m [2m---[0;39m [2m[nio-9999-exec-7][0;39m [36mc.s.vue.controller.HouseMapController   [0;39m [2m:[0;39m gugun - 호출
[2m2022-11-23 14:07:44.556[0;39m [32m INFO[0;39m [35m14132[0;39m [2m---[0;39m [2m[nio-9999-exec-9][0;39m [36mc.s.vue.controller.HousedealController  [0;39m [2m:[0;39m !!!!!select() 실행 , Param : 11110, 2019, 01
[2m2022-11-23 14:07:44.580[0;39m [32m INFO[0;39m [35m14132[0;39m [2m---[0;39m [2m[nio-9999-exec-9][0;39m [36mc.s.vue.controller.HousedealController  [0;39m [2m:[0;39m list 크기 : 18
[2m2022-11-23 14:07:46.960[0;39m [32mDEBUG[0;39m [35m14132[0;39m [2m---[0;39m [2m[nio-9999-exec-8][0;39m [36mc.s.vue.controller.HouseMapController   [0;39m [2m:[0;39m aptIMAGE 호출, 대성스카이렉스
[2m2022-11-23 14:07:46.960[0;39m [32mDEBUG[0;39m [35m14132[0;39m [2m---[0;39m [2m[nio-9999-exec-8][0;39m [36mc.s.vue.controller.HouseMapController   [0;39m [2m:[0;39m aptIMAGE 호출 응답, https://img.freepik.com/free-photo/beautiful-landscape-and-cityscape-of-seoul-city_74190-3198.jpg?w=1060&t=st=1668991073~exp=1668991673~hmac=90836c10c4926b261096d9f282cce7b076d11b8bf202b48deb10925c36358848
[2m2022-11-23 14:07:53.977[0;39m [32mDEBUG[0;39m [35m14132[0;39m [2m---[0;39m [2m[io-9999-exec-10][0;39m [36mc.s.vue.controller.HouseMapController   [0;39m [2m:[0;39m aptIMAGE 호출, 경희궁의아침4단지
[2m2022-11-23 14:07:53.977[0;39m [32mDEBUG[0;39m [35m14132[0;39m [2m---[0;39m [2m[io-9999-exec-10][0;39m [36mc.s.vue.controller.HouseMapController   [0;39m [2m:[0;39m aptIMAGE 호출 응답, https://img.freepik.com/free-photo/beautiful-landscape-and-cityscape-of-seoul-city_74190-3198.jpg?w=1060&t=st=1668991073~exp=1668991673~hmac=90836c10c4926b261096d9f282cce7b076d11b8bf202b48deb10925c36358848
[2m2022-11-23 14:07:55.432[0;39m [32m INFO[0;39m [35m14132[0;39m [2m---[0;39m [2m[nio-9999-exec-1][0;39m [36mc.s.vue.controller.HouseMapController   [0;39m [2m:[0;39m sido - 호출
[2m2022-11-23 14:08:10.230[0;39m [32m INFO[0;39m [35m14132[0;39m [2m---[0;39m [2m[nio-9999-exec-3][0;39m [36mc.s.vue.controller.HouseMapController   [0;39m [2m:[0;39m sido - 호출
[2m2022-11-23 14:08:35.104[0;39m [32m INFO[0;39m [35m14132[0;39m [2m---[0;39m [2m[nio-9999-exec-2][0;39m [36mc.s.vue.controller.HouseMapController   [0;39m [2m:[0;39m sido - 호출
[2m2022-11-23 14:08:36.755[0;39m [32m INFO[0;39m [35m14132[0;39m [2m---[0;39m [2m[nio-9999-exec-4][0;39m [36mc.s.vue.controller.HouseMapController   [0;39m [2m:[0;39m gugun - 호출
[2m2022-11-23 14:08:37.566[0;39m [32m INFO[0;39m [35m14132[0;39m [2m---[0;39m [2m[nio-9999-exec-5][0;39m [36mc.s.vue.controller.HousedealController  [0;39m [2m:[0;39m !!!!!select() 실행 , Param : 11140, 2019, 01
[2m2022-11-23 14:08:37.590[0;39m [32m INFO[0;39m [35m14132[0;39m [2m---[0;39m [2m[nio-9999-exec-5][0;39m [36mc.s.vue.controller.HousedealController  [0;39m [2m:[0;39m list 크기 : 16
[2m2022-11-23 14:08:38.209[0;39m [32mDEBUG[0;39m [35m14132[0;39m [2m---[0;39m [2m[nio-9999-exec-6][0;39m [36mc.s.vue.controller.HouseMapController   [0;39m [2m:[0;39m aptIMAGE 호출, 남산 롯데캐슬 아이리스
[2m2022-11-23 14:08:38.209[0;39m [32mDEBUG[0;39m [35m14132[0;39m [2m---[0;39m [2m[nio-9999-exec-6][0;39m [36mc.s.vue.controller.HouseMapController   [0;39m [2m:[0;39m aptIMAGE 호출 응답, https://img.freepik.com/free-photo/beautiful-landscape-and-cityscape-of-seoul-city_74190-3198.jpg?w=1060&t=st=1668991073~exp=1668991673~hmac=90836c10c4926b261096d9f282cce7b076d11b8bf202b48deb10925c36358848
[2m2022-11-23 14:08:39.299[0;39m [32mDEBUG[0;39m [35m14132[0;39m [2m---[0;39m [2m[nio-9999-exec-7][0;39m [36mc.s.vue.controller.HouseMapController   [0;39m [2m:[0;39m aptIMAGE 호출, 충무로엘크루메크로시티2
[2m2022-11-23 14:08:39.300[0;39m [32mDEBUG[0;39m [35m14132[0;39m [2m---[0;39m [2m[nio-9999-exec-7][0;39m [36mc.s.vue.controller.HouseMapController   [0;39m [2m:[0;39m aptIMAGE 호출 응답, https://img.freepik.com/free-photo/beautiful-landscape-and-cityscape-of-seoul-city_74190-3198.jpg?w=1060&t=st=1668991073~exp=1668991673~hmac=90836c10c4926b261096d9f282cce7b076d11b8bf202b48deb10925c36358848
[2m2022-11-23 14:08:39.976[0;39m [32mDEBUG[0;39m [35m14132[0;39m [2m---[0;39m [2m[nio-9999-exec-9][0;39m [36mc.s.vue.controller.HouseMapController   [0;39m [2m:[0;39m aptIMAGE 호출, 신당아르브
[2m2022-11-23 14:08:39.976[0;39m [32mDEBUG[0;39m [35m14132[0;39m [2m---[0;39m [2m[nio-9999-exec-9][0;39m [36mc.s.vue.controller.HouseMapController   [0;39m [2m:[0;39m aptIMAGE 호출 응답, https://img.freepik.com/free-photo/beautiful-landscape-and-cityscape-of-seoul-city_74190-3198.jpg?w=1060&t=st=1668991073~exp=1668991673~hmac=90836c10c4926b261096d9f282cce7b076d11b8bf202b48deb10925c36358848
[2m2022-11-23 14:08:40.344[0;39m [32mDEBUG[0;39m [35m14132[0;39m [2m---[0;39m [2m[nio-9999-exec-8][0;39m [36mc.s.vue.controller.HouseMapController   [0;39m [2m:[0;39m aptIMAGE 호출, 남산 롯데캐슬 아이리스
[2m2022-11-23 14:08:40.345[0;39m [32mDEBUG[0;39m [35m14132[0;39m [2m---[0;39m [2m[nio-9999-exec-8][0;39m [36mc.s.vue.controller.HouseMapController   [0;39m [2m:[0;39m aptIMAGE 호출 응답, https://img.freepik.com/free-photo/beautiful-landscape-and-cityscape-of-seoul-city_74190-3198.jpg?w=1060&t=st=1668991073~exp=1668991673~hmac=90836c10c4926b261096d9f282cce7b076d11b8bf202b48deb10925c36358848
[2m2022-11-23 14:09:40.168[0;39m [32m INFO[0;39m [35m14132[0;39m [2m---[0;39m [2m[nio-9999-exec-1][0;39m [36mc.ssafy.vue.controller.MemberController [0;39m [2m:[0;39m login controller, MemberDto [userid=ssafy, username=null, userpwd=ssafy, email=null, joindate=null]
[2m2022-11-23 14:09:40.199[0;39m [32m INFO[0;39m [35m14132[0;39m [2m---[0;39m [2m[nio-9999-exec-1][0;39m [36mc.ssafy.vue.controller.MemberController [0;39m [2m:[0;39m 로그인 토큰정보 : eyJ0eXAiOiJKV1QiLCJyZWdEYXRlIjoxNjY5MTgwMTgwMTg2LCJhbGciOiJIUzI1NiJ9.eyJleHAiOjE2NjkxODM3ODAsInN1YiI6ImFjY2Vzcy10b2tlbiIsInVzZXJpZCI6InNzYWZ5In0.xkyI7bEcXm1uely8L6qmgs2U05OOqnv-SGtWsEvPv0k
[2m2022-11-23 14:09:43.363[0;39m [32m INFO[0;39m [35m14132[0;39m [2m---[0;39m [2m[nio-9999-exec-3][0;39m [36mc.ssafy.vue.controller.BoardController  [0;39m [2m:[0;39m listArticle - 호출
[2m2022-11-23 14:10:18.476[0;39m [32m INFO[0;39m [35m14132[0;39m [2m---[0;39m [2m[nio-9999-exec-2][0;39m [36mc.ssafy.vue.controller.MemberController [0;39m [2m:[0;39m login controller, MemberDto [userid=admin, username=null, userpwd=admin, email=null, joindate=null]
[2m2022-11-23 14:10:19.918[0;39m [32m INFO[0;39m [35m14132[0;39m [2m---[0;39m [2m[nio-9999-exec-4][0;39m [36mc.ssafy.vue.controller.MemberController [0;39m [2m:[0;39m login controller, MemberDto [userid=admin, username=null, userpwd=admin, email=null, joindate=null]
[2m2022-11-23 14:10:21.797[0;39m [32m INFO[0;39m [35m14132[0;39m [2m---[0;39m [2m[nio-9999-exec-5][0;39m [36mc.ssafy.vue.controller.MemberController [0;39m [2m:[0;39m login controller, MemberDto [userid=admin, username=null, userpwd=1234, email=null, joindate=null]
[2m2022-11-23 14:11:08.816[0;39m [32m INFO[0;39m [35m14132[0;39m [2m---[0;39m [2m[nio-9999-exec-6][0;39m [36mc.ssafy.vue.controller.MemberController [0;39m [2m:[0;39m login controller, MemberDto [userid=admin, username=null, userpwd=admin, email=null, joindate=null]
[2m2022-11-23 14:11:08.818[0;39m [32m INFO[0;39m [35m14132[0;39m [2m---[0;39m [2m[nio-9999-exec-6][0;39m [36mc.ssafy.vue.controller.MemberController [0;39m [2m:[0;39m 로그인 토큰정보 : eyJ0eXAiOiJKV1QiLCJyZWdEYXRlIjoxNjY5MTgwMjY4ODE4LCJhbGciOiJIUzI1NiJ9.eyJleHAiOjE2NjkxODM4NjgsInN1YiI6ImFjY2Vzcy10b2tlbiIsInVzZXJpZCI6ImFkbWluIn0.9jHjzltRYMtnOIS06frcOohoWftnjB4BuXEgp9yB65I
[2m2022-11-23 14:11:11.692[0;39m [32mDEBUG[0;39m [35m14132[0;39m [2m---[0;39m [2m[nio-9999-exec-7][0;39m [36mc.s.vue.controller.AdminUserController  [0;39m [2m:[0;39m userList call
[2m2022-11-23 14:41:08.724[0;39m [32m INFO[0;39m [35m14132[0;39m [2m---[0;39m [2m[   File Watcher][0;39m [36mrtingClassPathChangeChangedEventListener[0;39m [2m:[0;39m Restarting due to 1 class path change (0 additions, 0 deletions, 1 modification)
[2m2022-11-23 14:41:08.788[0;39m [33m WARN[0;39m [35m14132[0;39m [2m---[0;39m [2m[       Thread-8][0;39m [36mo.a.c.loader.WebappClassLoaderBase      [0;39m [2m:[0;39m The web application [vue] appears to have started a thread named [HikariPool-1 housekeeper] but has failed to stop it. This is very likely to create a memory leak. Stack trace of thread:
 sun.misc.Unsafe.park(Native Method)
 java.util.concurrent.locks.LockSupport.parkNanos(LockSupport.java:215)
 java.util.concurrent.locks.AbstractQueuedSynchronizer$ConditionObject.awaitNanos(AbstractQueuedSynchronizer.java:2078)
 java.util.concurrent.ScheduledThreadPoolExecutor$DelayedWorkQueue.take(ScheduledThreadPoolExecutor.java:1093)
 java.util.concurrent.ScheduledThreadPoolExecutor$DelayedWorkQueue.take(ScheduledThreadPoolExecutor.java:809)
 java.util.concurrent.ThreadPoolExecutor.getTask(ThreadPoolExecutor.java:1074)
 java.util.concurrent.ThreadPoolExecutor.runWorker(ThreadPoolExecutor.java:1134)
 java.util.concurrent.ThreadPoolExecutor$Worker.run(ThreadPoolExecutor.java:624)
 java.lang.Thread.run(Thread.java:748)
[2m2022-11-23 14:41:09.143[0;39m [32m INFO[0;39m [35m14132[0;39m [2m---[0;39m [2m[  restartedMain][0;39m [36mo.s.b.w.embedded.tomcat.TomcatWebServer [0;39m [2m:[0;39m Tomcat initialized with port(s): 9999 (http)
[2m2022-11-23 14:41:09.151[0;39m [32m INFO[0;39m [35m14132[0;39m [2m---[0;39m [2m[  restartedMain][0;39m [36mw.s.c.ServletWebServerApplicationContext[0;39m [2m:[0;39m Root WebApplicationContext: initialization completed in 259 ms
[2m2022-11-23 14:41:09.258[0;39m [32m INFO[0;39m [35m14132[0;39m [2m---[0;39m [2m[  restartedMain][0;39m [36mo.s.b.d.a.OptionalLiveReloadServer      [0;39m [2m:[0;39m LiveReload server is running on port 35729
[2m2022-11-23 14:41:09.296[0;39m [32m INFO[0;39m [35m14132[0;39m [2m---[0;39m [2m[  restartedMain][0;39m [36mo.s.b.w.embedded.tomcat.TomcatWebServer [0;39m [2m:[0;39m Tomcat started on port(s): 9999 (http) with context path '/vue'
[2m2022-11-23 14:41:09.377[0;39m [32m INFO[0;39m [35m14132[0;39m [2m---[0;39m [2m[  restartedMain][0;39m [36m.ConditionEvaluationDeltaLoggingListener[0;39m [2m:[0;39m Condition evaluation unchanged
[2m2022-11-23 17:58:18.812[0;39m [32m INFO[0;39m [35m14132[0;39m [2m---[0;39m [2m[nio-9999-exec-1][0;39m [36mo.s.web.servlet.DispatcherServlet       [0;39m [2m:[0;39m Initializing Servlet 'dispatcherServlet'
[2m2022-11-23 17:58:18.814[0;39m [32m INFO[0;39m [35m14132[0;39m [2m---[0;39m [2m[nio-9999-exec-1][0;39m [36mo.s.web.servlet.DispatcherServlet       [0;39m [2m:[0;39m Completed initialization in 1 ms
[2m2022-11-23 17:58:18.815[0;39m [32m INFO[0;39m [35m14132[0;39m [2m---[0;39m [2m[nio-9999-exec-1][0;39m [36mc.s.vue.controller.HouseMapController   [0;39m [2m:[0;39m sido - 호출
[2m2022-11-23 17:58:20.886[0;39m [32m INFO[0;39m [35m14132[0;39m [2m---[0;39m [2m[nio-9999-exec-2][0;39m [36mc.s.vue.controller.HouseMapController   [0;39m [2m:[0;39m gugun - 호출
[2m2022-11-23 17:58:21.981[0;39m [32m INFO[0;39m [35m14132[0;39m [2m---[0;39m [2m[nio-9999-exec-5][0;39m [36mc.s.vue.controller.HousedealController  [0;39m [2m:[0;39m !!!!!select() 실행 , Param : 26110, 2019, 01
[2m2022-11-23 17:58:22.006[0;39m [32m INFO[0;39m [35m14132[0;39m [2m---[0;39m [2m[nio-9999-exec-5][0;39m [36mc.s.vue.controller.HousedealController  [0;39m [2m:[0;39m list 크기 : 0
